<?xml version="1.0" encoding="UTF-8"?>
<!-- Generated by org.testng.reporters.JUnitReportReporter -->
<testsuite hostname="KD_JAMWAL" name="com.indianmoney.test.Termtest" tests="1" failures="0" timestamp="4 Jul 2019 05:44:36 GMT" time="48.560" errors="0">
  <testcase name="termdetail" time="48.560" classname="com.indianmoney.test.Termtest"/>
</testsuite> <!-- com.indianmoney.test.Termtest -->
