<?xml version="1.0" encoding="UTF-8"?>
<!-- Generated by org.testng.reporters.JUnitReportReporter -->
<testsuite hostname="KD_JAMWAL" name="com.indianmoney.test.Healthtest" tests="1" failures="0" timestamp="4 Jul 2019 05:44:37 GMT" time="73.143" errors="0">
  <testcase name="healthdetail" time="73.143" classname="com.indianmoney.test.Healthtest"/>
</testsuite> <!-- com.indianmoney.test.Healthtest -->
